reports/co-touchlab/2-0-5-to-2-1-0/run-26309630308/phase1/before/shared/build/outputs/logs/manifest-merger-release-report.txt
-- Merging decision tree log ---
manifest
ADDED from ProcessLibraryManifest/release/tempAndroidManifest15971020727628176982.xml:2:13-83
INJECTED from ProcessLibraryManifest/release/tempAndroidManifest15971020727628176982.xml:2:13-83
	package
		INJECTED from ProcessLibraryManifest/release/tempAndroidManifest15971020727628176982.xml
	xmlns:android
		ADDED from ProcessLibraryManifest/release/tempAndroidManifest15971020727628176982.xml:2:23-81
uses-sdk
INJECTED from ProcessLibraryManifest/release/tempAndroidManifest15971020727628176982.xml reason: use-sdk injection requested
INJECTED from ProcessLibraryManifest/release/tempAndroidManifest15971020727628176982.xml
INJECTED from ProcessLibraryManifest/release/tempAndroidManifest15971020727628176982.xml
	android:targetSdkVersion
		INJECTED from ProcessLibraryManifest/release/tempAndroidManifest15971020727628176982.xml
	android:minSdkVersion
		INJECTED from ProcessLibraryManifest/release/tempAndroidManifest15971020727628176982.xml